# JRE version: Java(TM) SE Runtime Environment (21.0.12+7) (build 21.0.12+7-LTS-205)
# Java VM: Java HotSpot(TM) 64-Bit Server VM (21.0.12+7-LTS-205, mixed mode, sharing, tiered, compressed oops, compressed class ptrs, g1 gc, linux-amd64)
GC Precious Log:
 CardTable entry size: 512
 Card Set container configuration: InlinePtr #cards 4 size 8 Array Of Cards #cards 16 size 48 Howl #buckets 8 coarsen threshold 3686 Howl Bitmap #cards 512 size 80 coarsen threshold 460 Card regions per heap region 1 cards per card region 4096
 CPUs: 2 total, 2 available
 Memory: 2048M
 Large Page Support: Disabled
 NUMA Support: Disabled
 Compressed Oops: Enabled (Zero based)
 Heap Region Size: 2M
 Heap Min Capacity: 8M
 Heap Initial Capacity: 32M
 Heap Max Capacity: 4G
 Pre-touch: Disabled
 Parallel Workers: 2
 Concurrent Workers: 1
 Concurrent Refinement Workers: 2
 Periodic GC: Disabled
Heap:
 garbage-first heap   total 323584K, used 48235K [0x0000000700000000, 0x0000000800000000)
  region size 2048K, 6 young (12288K), 6 survivors (12288K)
 Metaspace       used 35880K, committed 37248K, reserved 1114112K
  class space    used 4994K, committed 5696K, reserved 1048576K
GC Heap History (20 events):
Event: 15.213 GC heap after
{Heap after GC invocations=42 (full 0):
 garbage-first heap   total 172032K, used 39045K [0x0000000700000000, 0x0000000800000000)
  region size 2048K, 3 young (6144K), 3 survivors (6144K)
 Metaspace       used 35832K, committed 37248K, reserved 1114112K
  class space    used 4993K, committed 5696K, reserved 1048576K
}
Event: 15.618 GC heap before
{Heap before GC invocations=42 (full 0):
 garbage-first heap   total 172032K, used 135301K [0x0000000700000000, 0x0000000800000000)
  region size 2048K, 50 young (102400K), 3 survivors (6144K)
 Metaspace       used 35833K, committed 37248K, reserved 1114112K
  class space    used 4993K, committed 5696K, reserved 1048576K
}
Event: 15.624 GC heap after
{Heap after GC invocations=43 (full 0):
 garbage-first heap   total 206848K, used 39394K [0x0000000700000000, 0x0000000800000000)
  region size 2048K, 3 young (6144K), 3 survivors (6144K)
 Metaspace       used 35833K, committed 37248K, reserved 1114112K
  class space    used 4993K, committed 5696K, reserved 1048576K
}
Event: 16.117 GC heap before
{Heap before GC invocations=43 (full 0):
 garbage-first heap   total 206848K, used 156130K [0x0000000700000000, 0x0000000800000000)
  region size 2048K, 60 young (122880K), 3 survivors (6144K)
 Metaspace       used 35833K, committed 37248K, reserved 1114112K
  class space    used 4993K, committed 5696K, reserved 1048576K
}
Event: 16.123 GC heap after
{Heap after GC invocations=44 (full 0):
 garbage-first heap   total 206848K, used 41203K [0x0000000700000000, 0x0000000800000000)
  region size 2048K, 4 young (8192K), 4 survivors (8192K)
 Metaspace       used 35833K, committed 37248K, reserved 1114112K
  class space    used 4993K, committed 5696K, reserved 1048576K
}
Event: 16.595 GC heap before
{Heap before GC invocations=44 (full 0):
 garbage-first heap   total 206848K, used 155891K [0x0000000700000000, 0x0000000800000000)
  region size 2048K, 60 young (122880K), 4 survivors (8192K)
 Metaspace       used 35838K, committed 37248K, reserved 1114112K
  class space    used 4993K, committed 5696K, reserved 1048576K
}
Event: 16.603 GC heap after
{Heap after GC invocations=45 (full 0):
 garbage-first heap   total 206848K, used 41426K [0x0000000700000000, 0x0000000800000000)
  region size 2048K, 4 young (8192K), 4 survivors (8192K)
 Metaspace       used 35838K, committed 37248K, reserved 1114112K
  class space    used 4993K, committed 5696K, reserved 1048576K
}
Event: 16.933 GC heap before
{Heap before GC invocations=45 (full 0):
 garbage-first heap   total 206848K, used 156114K [0x0000000700000000, 0x0000000800000000)
  region size 2048K, 60 young (122880K), 4 survivors (8192K)
 Metaspace       used 35838K, committed 37248K, reserved 1114112K
  class space    used 4993K, committed 5696K, reserved 1048576K
}
Event: 17.000 GC heap after
{Heap after GC invocations=46 (full 0):
 garbage-first heap   total 206848K, used 42032K [0x0000000700000000, 0x0000000800000000)
  region size 2048K, 4 young (8192K), 4 survivors (8192K)
 Metaspace       used 35838K, committed 37248K, reserved 1114112K
  class space    used 4993K, committed 5696K, reserved 1048576K
}
Event: 17.503 GC heap before
{Heap before GC invocations=46 (full 0):
 garbage-first heap   total 206848K, used 156720K [0x0000000700000000, 0x0000000800000000)
  region size 2048K, 60 young (122880K), 4 survivors (8192K)
 Metaspace       used 35871K, committed 37248K, reserved 1114112K
  class space    used 4994K, committed 5696K, reserved 1048576K
}
Event: 17.512 GC heap after
{Heap after GC invocations=47 (full 0):
 garbage-first heap   total 323584K, used 42240K [0x0000000700000000, 0x0000000800000000)
  region size 2048K, 4 young (8192K), 4 survivors (8192K)
 Metaspace       used 35871K, committed 37248K, reserved 1114112K
  class space    used 4994K, committed 5696K, reserved 1048576K
}
Event: 18.427 GC heap before
{Heap before GC invocations=47 (full 0):
 garbage-first heap   total 323584K, used 226560K [0x0000000700000000, 0x0000000800000000)
  region size 2048K, 94 young (192512K), 4 survivors (8192K)
 Metaspace       used 35872K, committed 37248K, reserved 1114112K
  class space    used 4994K, committed 5696K, reserved 1048576K
}
Event: 18.437 GC heap after
{Heap after GC invocations=48 (full 0):
 garbage-first heap   total 323584K, used 43436K [0x0000000700000000, 0x0000000800000000)
  region size 2048K, 5 young (10240K), 5 survivors (10240K)
 Metaspace       used 35872K, committed 37248K, reserved 1114112K
  class space    used 4994K, committed 5696K, reserved 1048576K
}
Event: 19.234 GC heap before
{Heap before GC invocations=48 (full 0):
 garbage-first heap   total 323584K, used 225708K [0x0000000700000000, 0x0000000800000000)
  region size 2048K, 94 young (192512K), 5 survivors (10240K)
 Metaspace       used 35877K, committed 37248K, reserved 1114112K
  class space    used 4994K, committed 5696K, reserved 1048576K
}
Event: 19.294 GC heap after
{Heap after GC invocations=49 (full 0):
 garbage-first heap   total 323584K, used 45194K [0x0000000700000000, 0x0000000800000000)
  region size 2048K, 5 young (10240K), 5 survivors (10240K)
 Metaspace       used 35877K, committed 37248K, reserved 1114112K
  class space    used 4994K, committed 5696K, reserved 1048576K
}
Event: 19.923 GC heap before
{Heap before GC invocations=49 (full 0):
 garbage-first heap   total 323584K, used 227466K [0x0000000700000000, 0x0000000800000000)
  region size 2048K, 94 young (192512K), 5 survivors (10240K)
 Metaspace       used 35880K, committed 37248K, reserved 1114112K
  class space    used 4994K, committed 5696K, reserved 1048576K
}
Event: 19.934 GC heap after
{Heap after GC invocations=50 (full 0):
 garbage-first heap   total 323584K, used 46367K [0x0000000700000000, 0x0000000800000000)
  region size 2048K, 6 young (12288K), 6 survivors (12288K)
 Metaspace       used 35880K, committed 37248K, reserved 1114112K
  class space    used 4994K, committed 5696K, reserved 1048576K
}
Event: 20.529 GC heap before
{Heap before GC invocations=50 (full 0):
 garbage-first heap   total 323584K, used 226591K [0x0000000700000000, 0x0000000800000000)
  region size 2048K, 94 young (192512K), 6 survivors (12288K)
 Metaspace       used 35880K, committed 37248K, reserved 1114112K
  class space    used 4994K, committed 5696K, reserved 1048576K
}
Event: 20.540 GC heap after
{Heap after GC invocations=51 (full 0):
 garbage-first heap   total 323584K, used 46647K [0x0000000700000000, 0x0000000800000000)
  region size 2048K, 6 young (12288K), 6 survivors (12288K)
 Metaspace       used 35880K, committed 37248K, reserved 1114112K
  class space    used 4994K, committed 5696K, reserved 1048576K
}
Event: 21.117 GC heap before
{Heap before GC invocations=51 (full 0):
 garbage-first heap   total 323584K, used 226871K [0x0000000700000000, 0x0000000800000000)
  region size 2048K, 94 young (192512K), 6 survivors (12288K)
 Metaspace       used 35880K, committed 37248K, reserved 1114112K
  class space    used 4994K, committed 5696K, reserved 1048576K
}

